-------------------------------------------------------------------------------
Test set: com.bacchelli.totaljob.HelloControllerTest
-------------------------------------------------------------------------------
Tests run: 1, Failures: 0, Errors: 1, Skipped: 0, Time elapsed: 0.213 s <<< FAILURE! - in com.bacchelli.totaljob.HelloControllerTest
com.bacchelli.totaljob.HelloControllerTest  Time elapsed: 0.211 s  <<< ERROR!
java.lang.IllegalStateException: Unable to find a @SpringBootConfiguration, you need to use @ContextConfiguration or @SpringBootTest(classes=...) with your test

